# JRE version: OpenJDK Runtime Environment (17.0.10) (build 17.0.10+0--11609105)
# Java VM: OpenJDK 64-Bit Server VM (17.0.10+0--11609105, mixed mode, tiered, compressed oops, compressed class ptrs, g1 gc, windows-amd64)
GC Precious Log:
 CPUs: 6 total, 6 available
 Memory: 32686M
 Large Page Support: Disabled
 NUMA Support: Disabled
 Compressed Oops: Enabled (32-bit)
 Heap Region Size: 1M
 Heap Min Capacity: 8M
 Heap Initial Capacity: 512M
 Heap Max Capacity: 2G
 Pre-touch: Disabled
 Parallel Workers: 6
 Concurrent Workers: 2
 Concurrent Refinement Workers: 6
 Periodic GC: Disabled
Heap:
 garbage-first heap   total 352256K, used 269390K [0x0000000080000000, 0x0000000100000000)
  region size 1024K, 71 young (72704K), 5 survivors (5120K)
 Metaspace       used 177508K, committed 178560K, reserved 1245184K
  class space    used 23069K, committed 23552K, reserved 1048576K
GC Heap History (20 events):
Event: 32.508 GC heap after
{Heap after GC invocations=111 (full 0):
 garbage-first heap   total 276480K, used 201272K [0x0000000080000000, 0x0000000100000000)
  region size 1024K, 2 young (2048K), 2 survivors (2048K)
 Metaspace       used 150950K, committed 151808K, reserved 1245184K
  class space    used 19300K, committed 19712K, reserved 1048576K
}
Event: 32.962 GC heap before
{Heap before GC invocations=111 (full 0):
 garbage-first heap   total 276480K, used 239160K [0x0000000080000000, 0x0000000100000000)
  region size 1024K, 39 young (39936K), 2 survivors (2048K)
 Metaspace       used 153499K, committed 154304K, reserved 1245184K
  class space    used 19763K, committed 20096K, reserved 1048576K
}
Event: 32.964 GC heap after
{Heap after GC invocations=112 (full 0):
 garbage-first heap   total 276480K, used 201892K [0x0000000080000000, 0x0000000100000000)
  region size 1024K, 3 young (3072K), 3 survivors (3072K)
 Metaspace       used 153499K, committed 154304K, reserved 1245184K
  class space    used 19763K, committed 20096K, reserved 1048576K
}
Event: 33.381 GC heap before
{Heap before GC invocations=112 (full 0):
 garbage-first heap   total 276480K, used 240804K [0x0000000080000000, 0x0000000100000000)
  region size 1024K, 41 young (41984K), 3 survivors (3072K)
 Metaspace       used 156174K, committed 157056K, reserved 1245184K
  class space    used 20220K, committed 20608K, reserved 1048576K
}
Event: 33.384 GC heap after
{Heap after GC invocations=113 (full 0):
 garbage-first heap   total 276480K, used 203516K [0x0000000080000000, 0x0000000100000000)
  region size 1024K, 4 young (4096K), 4 survivors (4096K)
 Metaspace       used 156174K, committed 157056K, reserved 1245184K
  class space    used 20220K, committed 20608K, reserved 1048576K
}
Event: 33.930 GC heap before
{Heap before GC invocations=113 (full 0):
 garbage-first heap   total 276480K, used 241404K [0x0000000080000000, 0x0000000100000000)
  region size 1024K, 41 young (41984K), 4 survivors (4096K)
 Metaspace       used 159030K, committed 159872K, reserved 1245184K
  class space    used 20623K, committed 20992K, reserved 1048576K
}
Event: 33.934 GC heap after
{Heap after GC invocations=114 (full 0):
 garbage-first heap   total 276480K, used 198178K [0x0000000080000000, 0x0000000100000000)
  region size 1024K, 5 young (5120K), 5 survivors (5120K)
 Metaspace       used 159030K, committed 159872K, reserved 1245184K
  class space    used 20623K, committed 20992K, reserved 1048576K
}
Event: 33.951 GC heap before
{Heap before GC invocations=114 (full 0):
 garbage-first heap   total 276480K, used 207394K [0x0000000080000000, 0x0000000100000000)
  region size 1024K, 8 young (8192K), 5 survivors (5120K)
 Metaspace       used 159059K, committed 159936K, reserved 1245184K
  class space    used 20628K, committed 21056K, reserved 1048576K
}
Event: 33.954 GC heap after
{Heap after GC invocations=115 (full 0):
 garbage-first heap   total 276480K, used 208408K [0x0000000080000000, 0x0000000100000000)
  region size 1024K, 4 young (4096K), 4 survivors (4096K)
 Metaspace       used 159059K, committed 159936K, reserved 1245184K
  class space    used 20628K, committed 21056K, reserved 1048576K
}
Event: 33.961 GC heap before
{Heap before GC invocations=115 (full 0):
 garbage-first heap   total 276480K, used 211480K [0x0000000080000000, 0x0000000100000000)
  region size 1024K, 5 young (5120K), 4 survivors (4096K)
 Metaspace       used 159059K, committed 159936K, reserved 1245184K
  class space    used 20628K, committed 21056K, reserved 1048576K
}
Event: 33.963 GC heap after
{Heap after GC invocations=116 (full 0):
 garbage-first heap   total 276480K, used 212556K [0x0000000080000000, 0x0000000100000000)
  region size 1024K, 1 young (1024K), 1 survivors (1024K)
 Metaspace       used 159059K, committed 159936K, reserved 1245184K
  class space    used 20628K, committed 21056K, reserved 1048576K
}
Event: 34.296 GC heap before
{Heap before GC invocations=117 (full 0):
 garbage-first heap   total 352256K, used 225868K [0x0000000080000000, 0x0000000100000000)
  region size 1024K, 17 young (17408K), 1 survivors (1024K)
 Metaspace       used 160708K, committed 161536K, reserved 1245184K
  class space    used 20950K, committed 21312K, reserved 1048576K
}
Event: 34.300 GC heap after
{Heap after GC invocations=118 (full 0):
 garbage-first heap   total 352256K, used 210291K [0x0000000080000000, 0x0000000100000000)
  region size 1024K, 2 young (2048K), 2 survivors (2048K)
 Metaspace       used 160708K, committed 161536K, reserved 1245184K
  class space    used 20950K, committed 21312K, reserved 1048576K
}
Event: 34.532 GC heap before
{Heap before GC invocations=118 (full 0):
 garbage-first heap   total 352256K, used 225651K [0x0000000080000000, 0x0000000100000000)
  region size 1024K, 17 young (17408K), 2 survivors (2048K)
 Metaspace       used 162248K, committed 163136K, reserved 1245184K
  class space    used 21152K, committed 21568K, reserved 1048576K
}
Event: 34.535 GC heap after
{Heap after GC invocations=119 (full 0):
 garbage-first heap   total 352256K, used 191382K [0x0000000080000000, 0x0000000100000000)
  region size 1024K, 3 young (3072K), 3 survivors (3072K)
 Metaspace       used 162248K, committed 163136K, reserved 1245184K
  class space    used 21152K, committed 21568K, reserved 1048576K
}
Event: 35.545 GC heap before
{Heap before GC invocations=119 (full 0):
 garbage-first heap   total 352256K, used 256918K [0x0000000080000000, 0x0000000100000000)
  region size 1024K, 63 young (64512K), 3 survivors (3072K)
 Metaspace       used 169420K, committed 170368K, reserved 1245184K
  class space    used 22055K, committed 22528K, reserved 1048576K
}
Event: 35.550 GC heap after
{Heap after GC invocations=120 (full 0):
 garbage-first heap   total 352256K, used 196623K [0x0000000080000000, 0x0000000100000000)
  region size 1024K, 5 young (5120K), 5 survivors (5120K)
 Metaspace       used 169420K, committed 170368K, reserved 1245184K
  class space    used 22055K, committed 22528K, reserved 1048576K
}
Event: 36.680 GC heap before
{Heap before GC invocations=120 (full 0):
 garbage-first heap   total 352256K, used 261135K [0x0000000080000000, 0x0000000100000000)
  region size 1024K, 69 young (70656K), 5 survivors (5120K)
 Metaspace       used 177290K, committed 178304K, reserved 1245184K
  class space    used 23065K, committed 23552K, reserved 1048576K
}
Event: 36.686 GC heap after
{Heap after GC invocations=121 (full 0):
 garbage-first heap   total 352256K, used 201978K [0x0000000080000000, 0x0000000100000000)
  region size 1024K, 9 young (9216K), 9 survivors (9216K)
 Metaspace       used 177290K, committed 178304K, reserved 1245184K
  class space    used 23065K, committed 23552K, reserved 1048576K
}
Event: 36.823 GC heap before
{Heap before GC invocations=121 (full 0):
 garbage-first heap   total 352256K, used 268538K [0x0000000080000000, 0x0000000100000000)
  region size 1024K, 75 young (76800K), 9 survivors (9216K)
 Metaspace       used 177508K, committed 178560K, reserved 1245184K
  class space    used 23069K, committed 23552K, reserved 1048576K
}

